This is pdfTeX, Version 3.141592653-2.6-1.40.26 (MiKTeX 24.4) (preloaded format=pdflatex 2024.5.10)  11 MAY 2024 17:35
entering extended mode
 restricted \write18 enabled.
 %&-line parsing enabled.
**./refman.tex
(refman.tex
LaTeX2e <2023-11-01> patch level 1
L3 programming layer <2024-04-11>
(C:\Users\Arany M치ty치s\AppData\Local\Programs\MiKTeX\tex/latex/base\book.cls
Document Class: book 2023/05/17 v1.4n Standard LaTeX document class
(C:\Users\Arany M치ty치s\AppData\Local\Programs\MiKTeX\tex/latex/base\bk10.clo
File: bk10.clo 2023/05/17 v1.4n Standard LaTeX file (size option)
)
\c@part=\count189
\c@chapter=\count190
\c@section=\count191
\c@subsection=\count192
\c@subsubsection=\count193
\c@paragraph=\count194
\c@subparagraph=\count195
\c@figure=\count196
\c@table=\count197
\abovecaptionskip=\skip48
\belowcaptionskip=\skip49
\bibindent=\dimen140
)
(C:\Users\Arany M치ty치s\AppData\Local\Programs\MiKTeX\tex/latex/base\ifthen.st
y
Package: ifthen 2022/04/13 v1.1d Standard LaTeX ifthen package (DPC)
)
(C:\Users\Arany M치ty치s\AppData\Local\Programs\MiKTeX\tex/latex/tools\array.st
y
Rollback for package 'array' requested -> date 2016-10-06.
         Best approximation is the release introduced on 2016-10-06.

(C:\Users\Arany M치ty치s\AppData\Local\Programs\MiKTeX\tex/latex/tools\array-20
16-10-06.sty
Package: array 2016/10/06 v2.4d Tabular extension package (FMi)
\col@sep=\dimen141
\extrarowheight=\dimen142
\NC@list=\toks17
\extratabsurround=\skip50
\backup@length=\skip51
))
(C:\Users\Arany M치ty치s\AppData\Local\Programs\MiKTeX\tex/generic/infwarerr\in
fwarerr.sty
package info suppressed
) (doxygen.sty
Package: doxygen 

(C:\Users\Arany M치ty치s\AppData\Local\Programs\MiKTeX\tex/latex/base\alltt.sty
Package: alltt 2021/01/29 v2.0g defines alltt environment
)
(C:\Users\Arany M치ty치s\AppData\Local\Programs\MiKTeX\tex/latex/tools\calc.sty
Package: calc 2023/07/08 v4.3 Infix arithmetic (KKT,FJ)
\calc@Acount=\count198
\calc@Bcount=\count199
\calc@Adimen=\dimen143
\calc@Bdimen=\dimen144
\calc@Askip=\skip52
\calc@Bskip=\skip53
LaTeX Info: Redefining \setlength on input line 80.
LaTeX Info: Redefining \addtolength on input line 81.
\calc@Ccount=\count266
\calc@Cskip=\skip54
)
(C:\Users\Arany M치ty치s\AppData\Local\Programs\MiKTeX\tex/latex/float\float.st
y
Package: float 2001/11/08 v1.3d Float enhancements (AL)
\c@float@type=\count267
\float@exts=\toks18
\float@box=\box51
\@float@everytoks=\toks19
\@floatcapt=\box52
)
(C:\Users\Arany M치ty치s\AppData\Local\Programs\MiKTeX\tex/latex/tools\verbatim
.sty
Package: verbatim 2023-11-06 v1.5v LaTeX2e package for verbatim enhancements
\every@verbatim=\toks20
\verbatim@line=\toks21
\verbatim@in@stream=\read2
)
(C:\Users\Arany M치ty치s\AppData\Local\Programs\MiKTeX\tex/latex/xcolor\xcolor.
sty
Package: xcolor 2023/11/15 v3.01 LaTeX color extensions (UK)

(C:\Users\Arany M치ty치s\AppData\Local\Programs\MiKTeX\tex/latex/graphics-cfg\c
olor.cfg
File: color.cfg 2016/01/02 v1.6 sample color configuration
)
Package xcolor Info: Driver file: pdftex.def on input line 274.

(C:\Users\Arany M치ty치s\AppData\Local\Programs\MiKTeX\tex/latex/graphics-def\p
dftex.def
File: pdftex.def 2024/04/13 v1.2c Graphics/color driver for pdftex
)
(C:\Users\Arany M치ty치s\AppData\Local\Programs\MiKTeX\tex/latex/graphics\mathc
olor.ltx)
Package xcolor Info: Model `cmy' substituted by `cmy0' on input line 1350.
Package xcolor Info: Model `hsb' substituted by `rgb' on input line 1354.
Package xcolor Info: Model `RGB' extended on input line 1366.
Package xcolor Info: Model `HTML' substituted by `rgb' on input line 1368.
Package xcolor Info: Model `Hsb' substituted by `hsb' on input line 1369.
Package xcolor Info: Model `tHsb' substituted by `hsb' on input line 1370.
Package xcolor Info: Model `HSB' substituted by `hsb' on input line 1371.
Package xcolor Info: Model `Gray' substituted by `gray' on input line 1372.
Package xcolor Info: Model `wave' substituted by `hsb' on input line 1373.
)
(C:\Users\Arany M치ty치s\AppData\Local\Programs\MiKTeX\tex/latex/colortbl\color
tbl.sty
Package: colortbl 2024/02/20 v1.0g Color table columns (DPC)
\everycr=\toks22
\minrowclearance=\skip55
\rownum=\count268
) (longtable_doxygen.sty
Package: longtable_doxygen 2014/10/28 v4.11 Multi-page Table package (DPC) - fr
ozen version for doxygen
\LTleft=\skip56
\LTright=\skip57
\LTpre=\skip58
\LTpost=\skip59
\LTchunksize=\count269
\LTcapwidth=\dimen145
\LT@head=\box53
\LT@firsthead=\box54
\LT@foot=\box55
\LT@lastfoot=\box56
\LT@cols=\count270
\LT@rows=\count271
\c@LT@tables=\count272
\c@LT@chunks=\count273
\LT@p@ftn=\toks23
) (tabu_doxygen.sty
Package: tabu_doxygen 2011/02/26 v2.8 - flexible LaTeX tabulars (FC), frozen ve
rsion for doxygen

(C:\Users\Arany M치ty치s\AppData\Local\Programs\MiKTeX\tex/latex/varwidth\varwi
dth.sty
Package: varwidth 2009/03/30 ver 0.92;  Variable-width minipages
\@vwid@box=\box57
\sift@deathcycles=\count274
\@vwid@loff=\dimen146
\@vwid@roff=\dimen147
)
\c@taburow=\count275
\tabu@nbcols=\count276
\tabu@cnt=\count277
\tabu@Xcol=\count278
\tabu@alloc=\count279
\tabu@nested=\count280
\tabu@target=\dimen148
\tabu@spreadtarget=\dimen149
\tabu@naturalX=\dimen150
\tabucolX=\dimen151
\tabu@Xsum=\dimen152
\extrarowdepth=\dimen153
\abovetabulinesep=\dimen154
\belowtabulinesep=\dimen155
\tabustrutrule=\dimen156
\tabu@thebody=\toks24
\tabu@footnotes=\toks25
\tabu@box=\box58
\tabu@arstrutbox=\box59
\tabu@hleads=\box60
\tabu@vleads=\box61
\tabu@cellskip=\skip60
)
(C:\Users\Arany M치ty치s\AppData\Local\Programs\MiKTeX\tex/latex/fancyvrb\fancy
vrb.sty
Package: fancyvrb 2024/01/20 4.5c verbatim text (tvz,hv)

(C:\Users\Arany M치ty치s\AppData\Local\Programs\MiKTeX\tex/latex/graphics\keyva
l.sty
Package: keyval 2022/05/29 v1.15 key=value parser (DPC)
\KV@toks@=\toks26
)
\FV@CodeLineNo=\count281
\FV@InFile=\read3
\FV@TabBox=\box62
\c@FancyVerbLine=\count282
\FV@StepNumber=\count283
\FV@OutFile=\write3
)
(C:\Users\Arany M치ty치s\AppData\Local\Programs\MiKTeX\tex/latex/tools\tabularx
.sty
Package: tabularx 2023/07/08 v2.11c `tabularx' package (DPC)
\TX@col@width=\dimen157
\TX@old@table=\dimen158
\TX@old@col=\dimen159
\TX@target=\dimen160
\TX@delta=\dimen161
\TX@cols=\count284
\TX@ftn=\toks27
)
(C:\Users\Arany M치ty치s\AppData\Local\Programs\MiKTeX\tex/latex/tools\multicol
.sty
Package: multicol 2023/03/30 v1.9f multicolumn formatting (FMi)
\c@tracingmulticols=\count285
\mult@box=\box63
\multicol@leftmargin=\dimen162
\c@unbalance=\count286
\c@collectmore=\count287
\doublecol@number=\count288
\multicoltolerance=\count289
\multicolpretolerance=\count290
\full@width=\dimen163
\page@free=\dimen164
\premulticols=\dimen165
\postmulticols=\dimen166
\multicolsep=\skip61
\multicolbaselineskip=\skip62
\partial@page=\box64
\last@line=\box65
\mc@boxedresult=\box66
\maxbalancingoverflow=\dimen167
\mult@rightbox=\box67
\mult@grightbox=\box68
\mult@firstbox=\box69
\mult@gfirstbox=\box70
\@tempa=\box71
\@tempa=\box72
\@tempa=\box73
\@tempa=\box74
\@tempa=\box75
\@tempa=\box76
\@tempa=\box77
\@tempa=\box78
\@tempa=\box79
\@tempa=\box80
\@tempa=\box81
\@tempa=\box82
\@tempa=\box83
\@tempa=\box84
\@tempa=\box85
\@tempa=\box86
\@tempa=\box87
\@tempa=\box88
\@tempa=\box89
\@tempa=\box90
\@tempa=\box91
\@tempa=\box92
\@tempa=\box93
\@tempa=\box94
\@tempa=\box95
\@tempa=\box96
\@tempa=\box97
\@tempa=\box98
\@tempa=\box99
\@tempa=\box100
\@tempa=\box101
\@tempa=\box102
\@tempa=\box103
\@tempa=\box104
\@tempa=\box105
\@tempa=\box106
\c@minrows=\count291
\c@columnbadness=\count292
\c@finalcolumnbadness=\count293
\last@try=\dimen168
\multicolovershoot=\dimen169
\multicolundershoot=\dimen170
\mult@nat@firstbox=\box107
\colbreak@box=\box108
\mc@col@check@num=\count294
)
(C:\Users\Arany M치ty치s\AppData\Local\Programs\MiKTeX\tex/latex/multirow\multi
row.sty
Package: multirow 2021/03/15 v2.8 Span multiple rows of a table
\multirow@colwidth=\skip63
\multirow@cntb=\count295
\multirow@dima=\skip64
\bigstrutjot=\dimen171
)
(C:\Users\Arany M치ty치s\AppData\Local\Programs\MiKTeX\tex/latex/hanging\hangin
g.sty
Package: hanging 2009/09/02 v1.2b hanging paragraphs and punctuation
\h@ngcommawd=\skip65
\h@ngfstopwd=\skip66
\h@ngquotewd=\skip67
\h@ngdquotewd=\skip68
\h@ngquerywd=\skip69
\h@ngexclwd=\skip70
\h@ngcolonwd=\skip71
\h@ngscolonwd=\skip72
)
(C:\Users\Arany M치ty치s\AppData\Local\Programs\MiKTeX\tex/generic/iftex\ifpdf.
sty
Package: ifpdf 2019/10/25 v3.4 ifpdf legacy package. Use iftex instead.

(C:\Users\Arany M치ty치s\AppData\Local\Programs\MiKTeX\tex/generic/iftex\iftex.
sty
Package: iftex 2022/02/03 v1.0f TeX engine tests
))
(C:\Users\Arany M치ty치s\AppData\Local\Programs\MiKTeX\tex/latex/adjustbox\adju
stbox.sty
Package: adjustbox 2022/10/17 v1.3a Adjusting TeX boxes (trim, clip, ...)

(C:\Users\Arany M치ty치s\AppData\Local\Programs\MiKTeX\tex/latex/xkeyval\xkeyva
l.sty
Package: xkeyval 2022/06/16 v2.9 package option processing (HA)

(C:\Users\Arany M치ty치s\AppData\Local\Programs\MiKTeX\tex/generic/xkeyval\xkey
val.tex
(C:\Users\Arany M치ty치s\AppData\Local\Programs\MiKTeX\tex/generic/xkeyval\xkvu
tils.tex
\XKV@toks=\toks28
\XKV@tempa@toks=\toks29
)
\XKV@depth=\count296
File: xkeyval.tex 2014/12/03 v2.7a key=value parser (HA)
))
(C:\Users\Arany M치ty치s\AppData\Local\Programs\MiKTeX\tex/latex/adjustbox\adjc
alc.sty
Package: adjcalc 2012/05/16 v1.1 Provides advanced setlength with multiple back
-ends (calc, etex, pgfmath)
)
(C:\Users\Arany M치ty치s\AppData\Local\Programs\MiKTeX\tex/latex/adjustbox\trim
clip.sty
Package: trimclip 2020/08/19 v1.2 Trim and clip general TeX material

(C:\Users\Arany M치ty치s\AppData\Local\Programs\MiKTeX\tex/latex/graphics\graph
icx.sty
Package: graphicx 2021/09/16 v1.2d Enhanced LaTeX Graphics (DPC,SPQR)

(C:\Users\Arany M치ty치s\AppData\Local\Programs\MiKTeX\tex/latex/graphics\graph
ics.sty
Package: graphics 2022/03/10 v1.4e Standard LaTeX Graphics (DPC,SPQR)

(C:\Users\Arany M치ty치s\AppData\Local\Programs\MiKTeX\tex/latex/graphics\trig.
sty
Package: trig 2021/08/11 v1.11 sin cos tan (DPC)
)
(C:\Users\Arany M치ty치s\AppData\Local\Programs\MiKTeX\tex/latex/graphics-cfg\g
raphics.cfg
File: graphics.cfg 2016/06/04 v1.11 sample graphics configuration
)
Package graphics Info: Driver file: pdftex.def on input line 107.
)
\Gin@req@height=\dimen172
\Gin@req@width=\dimen173
)
(C:\Users\Arany M치ty치s\AppData\Local\Programs\MiKTeX\tex/latex/collectbox\col
lectbox.sty
Package: collectbox 2022/10/17 v0.4c Collect macro arguments as boxes
\collectedbox=\box109
)
\tc@llx=\dimen174
\tc@lly=\dimen175
\tc@urx=\dimen176
\tc@ury=\dimen177
Package trimclip Info: Using driver 'tc-pdftex.def'.

(C:\Users\Arany M치ty치s\AppData\Local\Programs\MiKTeX\tex/latex/adjustbox\tc-p
dftex.def
File: tc-pdftex.def 2019/01/04 v2.2 Clipping driver for pdftex
))
\adjbox@Width=\dimen178
\adjbox@Height=\dimen179
\adjbox@Depth=\dimen180
\adjbox@Totalheight=\dimen181
\adjbox@pwidth=\dimen182
\adjbox@pheight=\dimen183
\adjbox@pdepth=\dimen184
\adjbox@ptotalheight=\dimen185

(C:\Users\Arany M치ty치s\AppData\Local\Programs\MiKTeX\tex/latex/ifoddpage\ifod
dpage.sty
Package: ifoddpage 2022/10/18 v1.2 Conditionals for odd/even page detection
\c@checkoddpage=\count297
))
(C:\Users\Arany M치ty치s\AppData\Local\Programs\MiKTeX\tex/latex/amsfonts\amssy
mb.sty
Package: amssymb 2013/01/14 v3.01 AMS font symbols

(C:\Users\Arany M치ty치s\AppData\Local\Programs\MiKTeX\tex/latex/amsfonts\amsfo
nts.sty
Package: amsfonts 2013/01/14 v3.01 Basic AMSFonts support
\@emptytoks=\toks30
\symAMSa=\mathgroup4
\symAMSb=\mathgroup5
LaTeX Font Info:    Redeclaring math symbol \hbar on input line 98.
LaTeX Font Info:    Overwriting math alphabet `\mathfrak' in version `bold'
(Font)                  U/euf/m/n --> U/euf/b/n on input line 106.
))
(C:\Users\Arany M치ty치s\AppData\Local\Programs\MiKTeX\tex/latex/stackengine\st
ackengine.sty
Package: stackengine 2021/07/22 v4.11\ Stacking text and objects in convenient 
ways

(C:\Users\Arany M치ty치s\AppData\Local\Programs\MiKTeX\tex/latex/etoolbox\etool
box.sty
Package: etoolbox 2020/10/05 v2.5k e-TeX tools for LaTeX (JAW)
\etb@tempcnta=\count298
)
(C:\Users\Arany M치ty치s\AppData\Local\Programs\MiKTeX\tex/latex/listofitems\li
stofitems.sty
(C:\Users\Arany M치ty치s\AppData\Local\Programs\MiKTeX\tex/generic/listofitems\
listofitems.tex
\loi_cnt_foreach_nest=\count299
\loi_nestcnt=\count300
)
Package: listofitems 2024/03/09 v1.65 Grab items in lists using user-specified 
sep char (CT)
)
\c@@stackindex=\count301
\@boxshift=\skip73
\stack@tmplength=\skip74
\temp@stkl=\skip75
\@stackedboxwidth=\skip76
\@addedbox=\box110
\@anchorbox=\box111
\@insetbox=\box112
\se@backgroundbox=\box113
\stackedbox=\box114
\@centerbox=\box115
\c@ROWcellindex@=\count302
)
(C:\Users\Arany M치ty치s\AppData\Local\Programs\MiKTeX\tex/latex/enumitem\enumi
tem.sty
Package: enumitem 2019/06/20 v3.9 Customized lists
\labelindent=\skip77
\enit@outerparindent=\dimen186
\enit@toks=\toks31
\enit@inbox=\box116
\enit@count@id=\count303
\enitdp@description=\count304
)
(C:\Users\Arany M치ty치s\AppData\Local\Programs\MiKTeX\tex/generic/alphalph\alp
halph.sty
Package: alphalph 2019/12/09 v2.6 Convert numbers to letters (HO)

(C:\Users\Arany M치ty치s\AppData\Local\Programs\MiKTeX\tex/generic/intcalc\intc
alc.sty
Package: intcalc 2019/12/15 v1.3 Expandable calculations with integers (HO)
))
(C:\Users\Arany M치ty치s\AppData\Local\Programs\MiKTeX\tex/latex/ulem\ulem.sty
\UL@box=\box117
\UL@hyphenbox=\box118
\UL@skip=\skip78
\UL@hook=\toks32
\UL@height=\dimen187
\UL@pe=\count305
\UL@pixel=\dimen188
\ULC@box=\box119
Package: ulem 2019/11/18
\ULdepth=\dimen189
)
\xrefbox=\box120
\xreflength=\skip79
\CodeWidthChar=\skip80
\CodeHeightChar=\skip81
\DoxyCodeWidth=\skip82
\c@DoxyEnumeratei=\count306
\c@DoxyEnumerateii=\count307
\c@DoxyEnumerateiii=\count308
\c@DoxyEnumerateiv=\count309
\c@DoxyEnumeratev=\count310
\c@DoxyEnumeratevi=\count311
\c@DoxyEnumeratevii=\count312
\c@DoxyEnumerateviii=\count313
\c@DoxyEnumerateix=\count314
\c@DoxyEnumeratex=\count315
\c@DoxyEnumeratexi=\count316
\c@DoxyEnumeratexii=\count317
\enitdp@DoxyEnumerate=\count318
\enitdp@DoxyItemize=\count319
\c@subsubsubsection=\count320
\c@subsubsubsubsection=\count321
\c@subsubsubsubsubsection=\count322
\c@subsubsubsubsubsubsection=\count323
)
(C:\Users\Arany M치ty치s\AppData\Local\Programs\MiKTeX\tex/latex/base\inputenc.
sty
Package: inputenc 2021/02/14 v1.3d Input encoding file
\inpenc@prehook=\toks33
\inpenc@posthook=\toks34
)
(C:\Users\Arany M치ty치s\AppData\Local\Programs\MiKTeX\tex/latex/base\makeidx.s
ty
Package: makeidx 2021/10/04 v1.0m Standard LaTeX package
)
(C:\Users\Arany M치ty치s\AppData\Local\Programs\MiKTeX\tex/latex/base\textcomp.
sty
Package: textcomp 2020/02/02 v2.0n Standard LaTeX package
)
(C:\Users\Arany M치ty치s\AppData\Local\Programs\MiKTeX\tex/latex/wasysym\wasysy
m.sty
Package: wasysym 2020/01/19 v2.4 Wasy-2 symbol support package
\symwasy=\mathgroup6
LaTeX Font Info:    Overwriting symbol font `wasy' in version `bold'
(Font)                  U/wasy/m/n --> U/wasy/b/n on input line 93.
)
(C:\Users\Arany M치ty치s\AppData\Local\Programs\MiKTeX\tex/generic/iftex\ifxete
x.sty
Package: ifxetex 2019/10/25 v0.7 ifxetex legacy package. Use iftex instead.
)
(C:\Users\Arany M치ty치s\AppData\Local\Programs\MiKTeX\tex/latex/base\fontenc.s
ty
Package: fontenc 2021/04/29 v2.0v Standard LaTeX package
)
(C:\Users\Arany M치ty치s\AppData\Local\Programs\MiKTeX\tex/latex/psnfss\helvet.
sty
Package: helvet 2020/03/25 PSNFSS-v9.3 (WaS) 
)
(C:\Users\Arany M치ty치s\AppData\Local\Programs\MiKTeX\tex/latex/psnfss\courier
.sty
Package: courier 2020/03/25 PSNFSS-v9.3 (WaS) 
)
(C:\Users\Arany M치ty치s\AppData\Local\Programs\MiKTeX\tex/latex/geometry\geome
try.sty
Package: geometry 2020/01/02 v5.9 Page Geometry

(C:\Users\Arany M치ty치s\AppData\Local\Programs\MiKTeX\tex/generic/iftex\ifvtex
.sty
Package: ifvtex 2019/10/25 v1.7 ifvtex legacy package. Use iftex instead.
)
\Gm@cnth=\count324
\Gm@cntv=\count325
\c@Gm@tempcnt=\count326
\Gm@bindingoffset=\dimen190
\Gm@wd@mp=\dimen191
\Gm@odd@mp=\dimen192
\Gm@even@mp=\dimen193
\Gm@layoutwidth=\dimen194
\Gm@layoutheight=\dimen195
\Gm@layouthoffset=\dimen196
\Gm@layoutvoffset=\dimen197
\Gm@dimlist=\toks35

(C:\Users\Arany M치ty치s\AppData\Local\Programs\MiKTeX\tex/latex/geometry\geome
try.cfg))
(C:\Users\Arany M치ty치s\AppData\Local\Programs\MiKTeX\tex/latex/changepage\cha
ngepage.sty
Package: changepage 2009/10/20 v1.0c check page and change page layout
\c@cp@cntr=\count327
\cp@tempcnt=\count328
LaTeX Info: Redefining \checkoddpage on input line 59.
)
(C:\Users\Arany M치ty치s\AppData\Local\Programs\MiKTeX\tex/latex/fancyhdr\fancy
hdr.sty
Package: fancyhdr 2024/04/23 v4.2 Extensive control of page headers and footers

\f@nch@headwidth=\skip83
\f@nch@O@elh=\skip84
\f@nch@O@erh=\skip85
\f@nch@O@olh=\skip86
\f@nch@O@orh=\skip87
\f@nch@O@elf=\skip88
\f@nch@O@erf=\skip89
\f@nch@O@olf=\skip90
\f@nch@O@orf=\skip91
)
(C:\Users\Arany M치ty치s\AppData\Local\Programs\MiKTeX\tex/latex/natbib\natbib.
sty
Package: natbib 2010/09/13 8.31b (PWD, AO)
\bibhang=\skip92
\bibsep=\skip93
LaTeX Info: Redefining \cite on input line 694.
\c@NAT@ctr=\count329
)
(C:\Users\Arany M치ty치s\AppData\Local\Programs\MiKTeX\tex/latex/tocloft\toclof
t.sty
Package: tocloft 2017/08/31 v2.3i parameterised ToC, etc., typesetting
Package tocloft Info: The document has chapter divisions on input line 51.
\cftparskip=\skip94
\cftbeforetoctitleskip=\skip95
\cftaftertoctitleskip=\skip96
\cftbeforepartskip=\skip97
\cftpartnumwidth=\skip98
\cftpartindent=\skip99
\cftbeforechapskip=\skip100
\cftchapindent=\skip101
\cftchapnumwidth=\skip102
\cftbeforesecskip=\skip103
\cftsecindent=\skip104
\cftsecnumwidth=\skip105
\cftbeforesubsecskip=\skip106
\cftsubsecindent=\skip107
\cftsubsecnumwidth=\skip108
\cftbeforesubsubsecskip=\skip109
\cftsubsubsecindent=\skip110
\cftsubsubsecnumwidth=\skip111
\cftbeforeparaskip=\skip112
\cftparaindent=\skip113
\cftparanumwidth=\skip114
\cftbeforesubparaskip=\skip115
\cftsubparaindent=\skip116
\cftsubparanumwidth=\skip117
\cftbeforeloftitleskip=\skip118
\cftafterloftitleskip=\skip119
\cftbeforefigskip=\skip120
\cftfigindent=\skip121
\cftfignumwidth=\skip122
\c@lofdepth=\count330
\c@lotdepth=\count331
\cftbeforelottitleskip=\skip123
\cftafterlottitleskip=\skip124
\cftbeforetabskip=\skip125
\cfttabindent=\skip126
\cfttabnumwidth=\skip127
)
\@indexfile=\write4
\openout4 = `refman.idx'.


Writing index file refman.idx

(C:\Users\Arany M치ty치s\AppData\Local\Programs\MiKTeX\tex/latex/newunicodechar
\newunicodechar.sty
Package: newunicodechar 2018/04/08 v1.2 Defining Unicode characters
)
(C:\Users\Arany M치ty치s\AppData\Local\Programs\MiKTeX\tex/latex/hyperref\hyper
ref.sty
Package: hyperref 2024-01-20 v7.01h Hypertext links for LaTeX

(C:\Users\Arany M치ty치s\AppData\Local\Programs\MiKTeX\tex/latex/kvsetkeys\kvse
tkeys.sty
Package: kvsetkeys 2022-10-05 v1.19 Key value parser (HO)
)
(C:\Users\Arany M치ty치s\AppData\Local\Programs\MiKTeX\tex/generic/kvdefinekeys
\kvdefinekeys.sty
Package: kvdefinekeys 2019-12-19 v1.6 Define keys (HO)
)
(C:\Users\Arany M치ty치s\AppData\Local\Programs\MiKTeX\tex/generic/pdfescape\pd
fescape.sty
Package: pdfescape 2019/12/09 v1.15 Implements pdfTeX's escape features (HO)

(C:\Users\Arany M치ty치s\AppData\Local\Programs\MiKTeX\tex/generic/ltxcmds\ltxc
mds.sty
Package: ltxcmds 2023-12-04 v1.26 LaTeX kernel commands for general use (HO)
)
(C:\Users\Arany M치ty치s\AppData\Local\Programs\MiKTeX\tex/generic/pdftexcmds\p
dftexcmds.sty
Package: pdftexcmds 2020-06-27 v0.33 Utility functions of pdfTeX for LuaTeX (HO
)
Package pdftexcmds Info: \pdf@primitive is available.
Package pdftexcmds Info: \pdf@ifprimitive is available.
Package pdftexcmds Info: \pdfdraftmode found.
))
(C:\Users\Arany M치ty치s\AppData\Local\Programs\MiKTeX\tex/latex/hycolor\hycolo
r.sty
Package: hycolor 2020-01-27 v1.10 Color options for hyperref/bookmark (HO)
)
(C:\Users\Arany M치ty치s\AppData\Local\Programs\MiKTeX\tex/latex/auxhook\auxhoo
k.sty
Package: auxhook 2019-12-17 v1.6 Hooks for auxiliary files (HO)
)
(C:\Users\Arany M치ty치s\AppData\Local\Programs\MiKTeX\tex/latex/hyperref\namer
ef.sty
Package: nameref 2023-11-26 v2.56 Cross-referencing by name of section

(C:\Users\Arany M치ty치s\AppData\Local\Programs\MiKTeX\tex/latex/refcount\refco
unt.sty
Package: refcount 2019/12/15 v3.6 Data extraction from label references (HO)
)
(C:\Users\Arany M치ty치s\AppData\Local\Programs\MiKTeX\tex/generic/gettitlestri
ng\gettitlestring.sty
Package: gettitlestring 2019/12/15 v1.6 Cleanup title references (HO)

(C:\Users\Arany M치ty치s\AppData\Local\Programs\MiKTeX\tex/latex/kvoptions\kvop
tions.sty
Package: kvoptions 2022-06-15 v3.15 Key value format for package options (HO)
))
\c@section@level=\count332
)
\@linkdim=\dimen198
\Hy@linkcounter=\count333
\Hy@pagecounter=\count334

(C:\Users\Arany M치ty치s\AppData\Local\Programs\MiKTeX\tex/latex/hyperref\pd1en
c.def
File: pd1enc.def 2024-01-20 v7.01h Hyperref: PDFDocEncoding definition (HO)
Now handling font encoding PD1 ...
... no UTF-8 mapping file for font encoding PD1
)
\Hy@SavedSpaceFactor=\count335

(C:\Users\Arany M치ty치s\AppData\Local\Programs\MiKTeX\tex/latex/hyperref\puenc
.def
File: puenc.def 2024-01-20 v7.01h Hyperref: PDF Unicode definition (HO)
Now handling font encoding PU ...
... no UTF-8 mapping file for font encoding PU
)
Package hyperref Info: Hyper figures OFF on input line 4179.
Package hyperref Info: Link nesting OFF on input line 4184.
Package hyperref Info: Hyper index ON on input line 4187.
Package hyperref Info: Plain pages OFF on input line 4194.
Package hyperref Info: Backreferencing ON on input line 4197.
Package hyperref Info: Implicit mode ON; LaTeX internals redefined.
Package hyperref Info: Bookmarks ON on input line 4446.

(C:\Users\Arany M치ty치s\AppData\Local\Programs\MiKTeX\tex/latex/hyperref\backr
ef.sty
Package: backref 2023-11-26 v1.44 Bibliographical back referencing

(C:\Users\Arany M치ty치s\AppData\Local\Programs\MiKTeX\tex/latex/rerunfilecheck
\rerunfilecheck.sty
Package: rerunfilecheck 2022-07-10 v1.10 Rerun checks for auxiliary files (HO)

(C:\Users\Arany M치ty치s\AppData\Local\Programs\MiKTeX\tex/latex/base\atveryend
-ltx.sty
Package: atveryend-ltx 2020/08/19 v1.0a Emulation of the original atveryend pac
kage
with kernel methods
)
(C:\Users\Arany M치ty치s\AppData\Local\Programs\MiKTeX\tex/generic/uniquecounte
r\uniquecounter.sty
Package: uniquecounter 2019/12/15 v1.4 Provide unlimited unique counter (HO)

(C:\Users\Arany M치ty치s\AppData\Local\Programs\MiKTeX\tex/generic/bigintcalc\b
igintcalc.sty
Package: bigintcalc 2019/12/15 v1.5 Expandable calculations on big integers (HO
)
))
Package uniquecounter Info: New unique counter `rerunfilecheck' on input line 2
85.
))
\c@Hy@tempcnt=\count336

(C:\Users\Arany M치ty치s\AppData\Local\Programs\MiKTeX\tex/latex/url\url.sty
\Urlmuskip=\muskip16
Package: url 2013/09/16  ver 3.4  Verb mode for urls, etc.
)
LaTeX Info: Redefining \url on input line 4784.
\XeTeXLinkMargin=\dimen199

(C:\Users\Arany M치ty치s\AppData\Local\Programs\MiKTeX\tex/generic/bitset\bitse
t.sty
Package: bitset 2019/12/09 v1.3 Handle bit-vector datatype (HO)
)
\Fld@menulength=\count337
\Field@Width=\dimen256
\Fld@charsize=\dimen257
Package hyperref Info: Hyper figures OFF on input line 6063.
Package hyperref Info: Link nesting OFF on input line 6068.
Package hyperref Info: Hyper index ON on input line 6071.
Package hyperref Info: backreferencing ON on input line 6076.
Package hyperref Info: Link coloring OFF on input line 6083.
Package hyperref Info: Link coloring with OCG OFF on input line 6088.
Package hyperref Info: PDF/A mode OFF on input line 6093.

(C:\Users\Arany M치ty치s\AppData\Local\Programs\MiKTeX\tex/latex/base\atbegshi-
ltx.sty
Package: atbegshi-ltx 2021/01/10 v1.0c Emulation of the original atbegshi
package with kernel methods
)
\Hy@abspage=\count338
\c@Item=\count339
\c@Hfootnote=\count340
)
Package hyperref Info: Driver: hpdftex.

(C:\Users\Arany M치ty치s\AppData\Local\Programs\MiKTeX\tex/latex/hyperref\hpdft
ex.def
File: hpdftex.def 2024-01-20 v7.01h Hyperref driver for pdfTeX
\Fld@listcount=\count341
\c@bookmark@seq@number=\count342
\Hy@SectionHShift=\skip128
)
Package hyperref Info: Option `colorlinks' set `true' on input line 161.
Package hyperref Info: Option `unicode' set `true' on input line 161.

(C:\Users\Arany M치ty치s\AppData\Local\Programs\MiKTeX\tex/latex/caption\captio
n.sty
Package: caption 2023/08/05 v3.6o Customizing captions (AR)

(C:\Users\Arany M치ty치s\AppData\Local\Programs\MiKTeX\tex/latex/caption\captio
n3.sty
Package: caption3 2023/07/31 v2.4d caption3 kernel (AR)
\caption@tempdima=\dimen258
\captionmargin=\dimen259
\caption@leftmargin=\dimen260
\caption@rightmargin=\dimen261
\caption@width=\dimen262
\caption@indent=\dimen263
\caption@parindent=\dimen264
\caption@hangindent=\dimen265
Package caption Info: Standard document class detected.
)
\c@caption@flags=\count343
\c@continuedfloat=\count344
Package caption Info: changepage package is loaded.
\caption@adjustwidth@hsize=\dimen266
\caption@adjustwidth@linewidth=\dimen267
Package caption Info: float package is loaded.
Package caption Info: hyperref package is loaded.
Package caption Info: longtable package is loaded.

(C:\Users\Arany M치ty치s\AppData\Local\Programs\MiKTeX\tex/latex/caption\ltcapt
ion.sty
Package: ltcaption 2021/01/08 v1.4c longtable captions (AR)
))
(C:\Users\Arany M치ty치s\AppData\Local\Programs\MiKTeX\tex/latex/etoc\etoc.sty
Package: etoc 2023/10/29 v1.2d Completely customisable TOCs (JFB)
\Etoc@toctoks=\toks36
\c@etoc@tocid=\count345
\etoc@framed@titlebox=\box121
\etoc@framed@contentsbox=\box122
)
LaTeX Font Info:    Trying to load font information for T1+phv on input line 18
3.

(C:\Users\Arany M치ty치s\AppData\Local\Programs\MiKTeX\tex/latex/psnfss\t1phv.f
d
File: t1phv.fd 2020/03/25 scalable font definitions for T1/phv.
)
LaTeX Font Info:    Font shape `T1/phv/m/n' will be
(Font)              scaled to size 8.99994pt on input line 183.

(C:\Users\Arany M치ty치s\AppData\Local\Programs\MiKTeX\tex/latex/l3backend\l3ba
ckend-pdftex.def
File: l3backend-pdftex.def 2024-04-11 L3 backend support: PDF output (pdfTeX)
\l__color_backend_stack_int=\count346
\l__pdf_internal_box=\box123
) (refman.aux)
\openout1 = `refman.aux'.

LaTeX Font Info:    Checking defaults for OML/cmm/m/it on input line 183.
LaTeX Font Info:    ... okay on input line 183.
LaTeX Font Info:    Checking defaults for OMS/cmsy/m/n on input line 183.
LaTeX Font Info:    ... okay on input line 183.
LaTeX Font Info:    Checking defaults for OT1/cmr/m/n on input line 183.
LaTeX Font Info:    ... okay on input line 183.
LaTeX Font Info:    Checking defaults for T1/cmr/m/n on input line 183.
LaTeX Font Info:    ... okay on input line 183.
LaTeX Font Info:    Checking defaults for TS1/cmr/m/n on input line 183.
LaTeX Font Info:    ... okay on input line 183.
LaTeX Font Info:    Checking defaults for OMX/cmex/m/n on input line 183.
LaTeX Font Info:    ... okay on input line 183.
LaTeX Font Info:    Checking defaults for U/cmr/m/n on input line 183.
LaTeX Font Info:    ... okay on input line 183.
LaTeX Font Info:    Checking defaults for PD1/pdf/m/n on input line 183.
LaTeX Font Info:    ... okay on input line 183.
LaTeX Font Info:    Checking defaults for PU/pdf/m/n on input line 183.
LaTeX Font Info:    ... okay on input line 183.

(C:\Users\Arany M치ty치s\AppData\Local\Programs\MiKTeX\tex/context/base/mkii\su
pp-pdf.mkii
[Loading MPS to PDF converter (version 2006.09.02).]
\scratchcounter=\count347
\scratchdimen=\dimen268
\scratchbox=\box124
\nofMPsegments=\count348
\nofMParguments=\count349
\everyMPshowfont=\toks37
\MPscratchCnt=\count350
\MPscratchDim=\dimen269
\MPnumerator=\count351
\makeMPintoPDFobject=\count352
\everyMPtoPDFconversion=\toks38
)
(C:\Users\Arany M치ty치s\AppData\Local\Programs\MiKTeX\tex/latex/epstopdf-pkg\e
pstopdf-base.sty
Package: epstopdf-base 2020-01-24 v2.11 Base part for package epstopdf
Package epstopdf-base Info: Redefining graphics rule for `.eps' on input line 4
85.

(C:\Users\Arany M치ty치s\AppData\Local\Programs\MiKTeX\tex/latex/00miktex\epsto
pdf-sys.cfg
File: epstopdf-sys.cfg 2021/03/18 v2.0 Configuration of epstopdf for MiKTeX
))
*geometry* driver: auto-detecting
*geometry* detected driver: pdftex
*geometry* verbose mode - [ preamble ] result:
* driver: pdftex
* paper: a4paper
* layout: <same size as paper>
* layoutoffset:(h,v)=(0.0pt,0.0pt)
* modes: twoside 
* h-part:(L,W,R)=(71.13188pt, 455.24411pt, 71.13188pt)
* v-part:(T,H,B)=(71.13188pt, 702.78308pt, 71.13188pt)
* \paperwidth=597.50787pt
* \paperheight=845.04684pt
* \textwidth=455.24411pt
* \textheight=702.78308pt
* \oddsidemargin=-1.1381pt
* \evensidemargin=-1.1381pt
* \topmargin=-31.2056pt
* \headheight=12.0pt
* \headsep=18.06749pt
* \topskip=10.0pt
* \footskip=25.29494pt
* \marginparwidth=125.0pt
* \marginparsep=7.0pt
* \columnsep=10.0pt
* \skip\footins=9.0pt plus 4.0pt minus 2.0pt
* \hoffset=0.0pt
* \voffset=0.0pt
* \mag=1000
* \@twocolumnfalse
* \@twosidetrue
* \@mparswitchtrue
* \@reversemarginfalse
* (1in=72.27pt=25.4mm, 1cm=28.453pt)

Package backref Info: ** backref set up for natbib ** on input line 183.
Package hyperref Info: Link coloring ON on input line 183.
(refman.out) (refman.out)
\@outlinefile=\write5
\openout5 = `refman.out'.

Package caption Info: Begin \AtBeginDocument code.
Package caption Info: End \AtBeginDocument code.
\Etoc@tf=\read4
Package hyperref Info: Option `pageanchor' set `false' on input line 191.
Package hyperref Info: Option `bookmarksnumbered' set `true' on input line 191.

Package hyperref Info: Option `unicode' set `true' on input line 191.
LaTeX Font Info:    Font shape `T1/phv/m/n' will be
(Font)              scaled to size 12.9599pt on input line 196.
LaTeX Font Info:    Font shape `T1/phv/m/n' will be
(Font)              scaled to size 10.79993pt on input line 197.
 [1


{C:/Users/Arany M치ty치s/AppData/Local/MiKTeX/fonts/map/pdftex/pdftex.map}{C:/U
sers/Arany M치ty치s/AppData/Local/Programs/MiKTeX/fonts/enc/dvips/base/8r.enc}]
 [2

]
\tf@toc=\write6
\openout6 = `refman.toc'.

LaTeX Font Info:    Font shape `T1/phv/b/n' will be
(Font)              scaled to size 8.99994pt on input line 205.
LaTeX Font Info:    Trying to load font information for U+msa on input line 205
.

(C:\Users\Arany M치ty치s\AppData\Local\Programs\MiKTeX\tex/latex/amsfonts\umsa.
fd
File: umsa.fd 2013/01/14 v3.01 AMS symbols A
)
LaTeX Font Info:    Trying to load font information for U+msb on input line 205
.

(C:\Users\Arany M치ty치s\AppData\Local\Programs\MiKTeX\tex/latex/amsfonts\umsb.
fd
File: umsb.fd 2013/01/14 v3.01 AMS symbols B
)
LaTeX Font Info:    Trying to load font information for U+wasy on input line 20
5.

(C:\Users\Arany M치ty치s\AppData\Local\Programs\MiKTeX\tex/latex/wasysym\uwasy.
fd
File: uwasy.fd 2020/01/19 v2.4 Wasy-2 symbol font definitions
)
LaTeX Font Info:    Font shape `T1/phv/m/n' will be
(Font)              scaled to size 6.29996pt on input line 205.
LaTeX Font Info:    Font shape `T1/phv/b/n' will be
(Font)              scaled to size 6.29996pt on input line 205.
 [1] [2]
Package hyperref Info: Option `pageanchor' set `true' on input line 208.

Chapter 1.
LaTeX Font Info:    Font shape `T1/phv/m/n' will be
(Font)              scaled to size 18.66588pt on input line 210.
LaTeX Font Info:    Font shape `T1/phv/b/n' will be
(Font)              scaled to size 18.66588pt on input line 210.
LaTeX Font Info:    Font shape `T1/phv/b/n' will be
(Font)              scaled to size 22.39185pt on input line 210.
(hierarchy.tex
LaTeX Font Info:    Font shape `T1/phv/b/n' will be
(Font)              scaled to size 12.9599pt on input line 1.
) [1


] [2

]
Chapter 2.
(annotated.tex
LaTeX Font Info:    Trying to load font information for TS1+phv on input line 8
.

(C:\Users\Arany M치ty치s\AppData\Local\Programs\MiKTeX\tex/latex/psnfss\ts1phv.
fd
File: ts1phv.fd 2020/03/25 scalable font definitions for TS1/phv.
)
LaTeX Font Info:    Font shape `TS1/phv/m/n' will be
(Font)              scaled to size 8.99994pt on input line 8.
) [3] [4

]
Chapter 3.
(files.tex) [5] [6

]
Chapter 4.
(class_dynamic_particle.tex
LaTeX Font Info:    Trying to load font information for T1+pcr on input line 10
.

(C:\Users\Arany M치ty치s\AppData\Local\Programs\MiKTeX\tex/latex/psnfss\t1pcr.f
d
File: t1pcr.fd 2001/06/04 font definitions for T1/pcr.
)
Package epstopdf Info: Source file: <class_dynamic_particle.eps>
(epstopdf)                    date: 2024-05-11 17:34:19
(epstopdf)                    size: 3788 bytes
(epstopdf)             Output file: <class_dynamic_particle-eps-converted-to.pd
f>
(epstopdf)                    date: 2024-05-11 17:34:38
(epstopdf)                    size: 5242 bytes
(epstopdf)             Command: <miktex-epstopdf --outfile=class_dynamic_partic
le-eps-converted-to.pdf class_dynamic_particle.eps>
(epstopdf)             \includegraphics on input line 15.
Package epstopdf Info: Output file is already uptodate.
 <./class_dynamic_particle-eps-converted-to.pdf>
<class_dynamic_particle-eps-converted-to.pdf, id=488, 501.875pt x 359.3425pt>
File: class_dynamic_particle-eps-converted-to.pdf Graphic file (type pdf)
<use class_dynamic_particle-eps-converted-to.pdf>
Package pdftex.def Info: class_dynamic_particle-eps-converted-to.pdf  used on i
nput line 15.
(pdftex.def)             Requested size: 79.47456pt x 56.9055pt.
LaTeX Font Info:    Font shape `T1/phv/m/n' will be
(Font)              scaled to size 8.09995pt on input line 23.
LaTeX Font Info:    Font shape `T1/phv/m/it' in size <9> not available
(Font)              Font shape `T1/phv/m/sl' tried instead on input line 23.
LaTeX Font Info:    Font shape `T1/phv/m/sl' will be
(Font)              scaled to size 8.09995pt on input line 23.
LaTeX Font Info:    Font shape `T1/phv/b/n' will be
(Font)              scaled to size 10.79993pt on input line 34.
LaTeX Font Info:    Font shape `TS1/phv/m/it' in size <9> not available
(Font)              Font shape `TS1/phv/m/sl' tried instead on input line 38.
LaTeX Font Info:    Font shape `TS1/phv/m/sl' will be
(Font)              scaled to size 8.09995pt on input line 38.
 [7]
LaTeX Font Info:    Font shape `T1/phv/m/it' in size <7> not available
(Font)              Font shape `T1/phv/m/sl' tried instead on input line 48.
LaTeX Font Info:    Font shape `T1/phv/m/sl' will be
(Font)              scaled to size 6.29996pt on input line 48.
LaTeX Font Info:    Font shape `T1/phv/m/n' will be
(Font)              scaled to size 7.19995pt on input line 89.
LaTeX Font Info:    Font shape `T1/pcr/m/it' in size <8> not available
(Font)              Font shape `T1/pcr/m/sl' tried instead on input line 89.
 [8]
LaTeX Font Info:    Font shape `T1/phv/bc/n' will be
(Font)              scaled to size 8.99994pt on input line 97.

Underfull \hbox (badness 10000) detected at line 97
[][][]
 []


Underfull \hbox (badness 10000) detected at line 128
[][][]
 []

[9]
Underfull \hbox (badness 10000) detected at line 150
[][][]
 []


Underfull \hbox (badness 10000) detected at line 167
[][][]
 []

) (class_particle.tex
Package epstopdf Info: Source file: <class_particle.eps>
(epstopdf)                    date: 2024-05-11 17:34:20
(epstopdf)                    size: 3915 bytes
(epstopdf)             Output file: <class_particle-eps-converted-to.pdf>
(epstopdf)                    date: 2024-05-11 17:34:40
(epstopdf)                    size: 5491 bytes
(epstopdf)             Command: <miktex-epstopdf --outfile=class_particle-eps-c
onverted-to.pdf class_particle.eps>
(epstopdf)             \includegraphics on input line 15.
Package epstopdf Info: Output file is already uptodate.
 <./class_particle-eps-converted-to.pdf>
<class_particle-eps-converted-to.pdf, id=563, 501.875pt x 179.67125pt>
File: class_particle-eps-converted-to.pdf Graphic file (type pdf)
<use class_particle-eps-converted-to.pdf>
Package pdftex.def Info: class_particle-eps-converted-to.pdf  used on input lin
e 15.
(pdftex.def)             Requested size: 158.94914pt x 56.9055pt.
 [10] [11]
Underfull \hbox (badness 10000) detected at line 149
[][][]
 []


Underfull \hbox (badness 10000) detected at line 166
[][][]
 []

) (class_particle_container.tex [12] [13]
LaTeX Font Info:    Font shape `T1/pcr/m/it' in size <7> not available
(Font)              Font shape `T1/pcr/m/sl' tried instead on input line 85.
 [14]
Underfull \hbox (badness 10000) detected at line 121
[][][]
 []

[15]
Underfull \hbox (badness 10000) detected at line 154
[][][]
 []

) (class_running_simulation.tex [16]
Underfull \hbox (badness 10000) detected at line 92
[][][]
 []


Underfull \hbox (badness 10000) detected at line 105
[][][]
 []

) (class_simulation.tex [17] [18]
Underfull \hbox (badness 10000) detected at line 72
[][][]
 []


Underfull \hbox (badness 10000) detected at line 85
[][][]
 []


Underfull \hbox (badness 10000) detected at line 103
[][][]
 []


Underfull \hbox (badness 10000) detected at line 116
[][][]
 []

[19]
Underfull \hbox (badness 10000) detected at line 129
[][][]
 []


Underfull \hbox (badness 10000) detected at line 142
[][][]
 []


Underfull \hbox (badness 10000) detected at line 160
[][][]
 []

[20]) (class_static_particle.tex
Package epstopdf Info: Source file: <class_static_particle.eps>
(epstopdf)                    date: 2024-05-11 17:34:21
(epstopdf)                    size: 3786 bytes
(epstopdf)             Output file: <class_static_particle-eps-converted-to.pdf
>
(epstopdf)                    date: 2024-05-11 17:34:43
(epstopdf)                    size: 4852 bytes
(epstopdf)             Command: <miktex-epstopdf --outfile=class_static_particl
e-eps-converted-to.pdf class_static_particle.eps>
(epstopdf)             \includegraphics on input line 15.
Package epstopdf Info: Output file is already uptodate.
 <./class_static_particle-eps-converted-to.pdf>
<class_static_particle-eps-converted-to.pdf, id=766, 501.875pt x 427.5975pt>
File: class_static_particle-eps-converted-to.pdf Graphic file (type pdf)
<use class_static_particle-eps-converted-to.pdf>
Package pdftex.def Info: class_static_particle-eps-converted-to.pdf  used on in
put line 15.
(pdftex.def)             Requested size: 66.7853pt x 56.9055pt.
[21] [22]
Underfull \hbox (badness 10000) detected at line 123
[][][]
 []

) (class_vector.tex [23] [24]
Underfull \hbox (badness 10000) detected at line 110
[][][]
 []

[25]) [26]
Chapter 5.
(container_8h_source.tex) (_c_p_o_r_t_a_8h_source.tex [27

])
(particles_8h_source.tex [28]) (runsimulation_8h_source.tex [29])
(simulation_8h_source.tex [30]) (systemstates_8h_source.tex)
(vector_8h_source.tex [31]) (window_8h_source.tex) [32] (refman.ind
LaTeX Font Info:    Font shape `T1/phv/m/n' will be
(Font)              scaled to size 22.39185pt on input line 1.
 [33



]
Overfull \hbox (64.13927pt too wide) in paragraph at lines 141--143
[]\T1/phv/m/n/10 X:/Saj磬/prog/BME/prog2/Nagyhazi/proba2/AranyMatyasNH/containe
r.h,
 []


Overfull \hbox (63.72552pt too wide) in paragraph at lines 143--145
[]\T1/phv/m/n/10 X:/Saj磬/prog/BME/prog2/Nagyhazi/proba2/AranyMatyasNH/CPORTA.h
,
 []


Overfull \hbox (61.30438pt too wide) in paragraph at lines 145--147
[]\T1/phv/m/n/10 X:/Saj磬/prog/BME/prog2/Nagyhazi/proba2/AranyMatyasNH/particle
s.h,
 []


Overfull \hbox (81.1309pt too wide) in paragraph at lines 147--149
[]\T1/phv/m/n/10 X:/Saj磬/prog/BME/prog2/Nagyhazi/proba2/AranyMatyasNH/runsimul
ation.h,
 []


Overfull \hbox (67.99126pt too wide) in paragraph at lines 149--151
[]\T1/phv/m/n/10 X:/Saj磬/prog/BME/prog2/Nagyhazi/proba2/AranyMatyasNH/simulati
on.h,
 []


Overfull \hbox (79.95222pt too wide) in paragraph at lines 151--153
[]\T1/phv/m/n/10 X:/Saj磬/prog/BME/prog2/Nagyhazi/proba2/AranyMatyasNH/systemst
ates.h,
 []


Overfull \hbox (51.40456pt too wide) in paragraph at lines 153--155
[]\T1/phv/m/n/10 X:/Saj磬/prog/BME/prog2/Nagyhazi/proba2/AranyMatyasNH/vector.h
,
 []


Overfull \hbox (56.90361pt too wide) in paragraph at lines 155--157
[]\T1/phv/m/n/10 X:/Saj磬/prog/BME/prog2/Nagyhazi/proba2/AranyMatyasNH/window.h
,
 []

[34

]) (refman.aux)
 ***********
LaTeX2e <2023-11-01> patch level 1
L3 programming layer <2024-04-11>
 ***********
Package rerunfilecheck Info: File `refman.out' has not changed.
(rerunfilecheck)             Checksum: A93500E10A51C9EB99C74BDD533D3317;13974.
 ) 
Here is how much of TeX's memory you used:
 18453 strings out of 474369
 309457 string characters out of 5736230
 1947754 words of memory out of 5000000
 40234 multiletter control sequences out of 15000+600000
 614528 words of font info for 111 fonts, out of 8000000 for 9000
 1141 hyphenation exceptions out of 8191
 101i,16n,117p,1102b,754s stack positions out of 10000i,1000n,20000p,200000b,200000s
<C:/Users/Arany M치ty치s/AppData/Local/Programs/MiKTeX/fonts/type1/public/ams
fonts/cm/cmmi10.pfb><C:/Users/Arany M치ty치s/AppData/Local/Programs/MiKTeX/font
s/type1/public/amsfonts/cm/cmmi9.pfb><C:/Users/Arany M치ty치s/AppData/Local/Pro
grams/MiKTeX/fonts/type1/public/amsfonts/cm/cmsy10.pfb><C:/Users/Arany M치ty치s
/AppData/Local/Programs/MiKTeX/fonts/type1/public/amsfonts/cm/cmsy8.pfb><C:/Use
rs/Arany M치ty치s/AppData/Local/Programs/MiKTeX/fonts/type1/urw/courier/ucrr8a.
pfb><C:/Users/Arany M치ty치s/AppData/Local/Programs/MiKTeX/fonts/type1/urw/cour
ier/ucrro8a.pfb><C:/Users/Arany M치ty치s/AppData/Local/Programs/MiKTeX/fonts/ty
pe1/urw/helvetic/uhvb8a.pfb><C:/Users/Arany M치ty치s/AppData/Local/Programs/MiK
TeX/fonts/type1/urw/helvetic/uhvb8ac.pfb><C:/Users/Arany M치ty치s/AppData/Local
/Programs/MiKTeX/fonts/type1/urw/helvetic/uhvr8a.pfb><C:/Users/Arany M치ty치s/A
ppData/Local/Programs/MiKTeX/fonts/type1/urw/helvetic/uhvro8a.pfb>
Output written on refman.pdf (38 pages, 357182 bytes).
PDF statistics:
 1308 PDF objects out of 1440 (max. 8388607)
 257 named destinations out of 1000 (max. 500000)
 632 words of extra memory for PDF output out of 10000 (max. 10000000)

