\BOOKMARK [0][-]{chapter.1}{\376\377\0001\000\040\000H\000i\000e\000r\000a\000r\000c\000h\000i\000c\000a\000l\000\040\000I\000n\000d\000e\000x}{}% 1
\BOOKMARK [1][-]{section.1.1}{\376\377\0001\000.\0001\000\040\000C\000l\000a\000s\000s\000\040\000H\000i\000e\000r\000a\000r\000c\000h\000y}{chapter.1}% 2
\BOOKMARK [0][-]{chapter.2}{\376\377\0002\000\040\000C\000l\000a\000s\000s\000\040\000I\000n\000d\000e\000x}{}% 3
\BOOKMARK [1][-]{section.2.1}{\376\377\0002\000.\0001\000\040\000C\000l\000a\000s\000s\000\040\000L\000i\000s\000t}{chapter.2}% 4
\BOOKMARK [0][-]{chapter.3}{\376\377\0003\000\040\000F\000i\000l\000e\000\040\000I\000n\000d\000e\000x}{}% 5
\BOOKMARK [1][-]{section.3.1}{\376\377\0003\000.\0001\000\040\000F\000i\000l\000e\000\040\000L\000i\000s\000t}{chapter.3}% 6
\BOOKMARK [0][-]{chapter.4}{\376\377\0004\000\040\000C\000l\000a\000s\000s\000\040\000D\000o\000c\000u\000m\000e\000n\000t\000a\000t\000i\000o\000n}{}% 7
\BOOKMARK [1][-]{section.4.1}{\376\377\0004\000.\0001\000\040\000D\000y\000n\000a\000m\000i\000c\000P\000a\000r\000t\000i\000c\000l\000e\000\040\000C\000l\000a\000s\000s\000\040\000R\000e\000f\000e\000r\000e\000n\000c\000e}{chapter.4}% 8
\BOOKMARK [2][-]{subsection.4.1.1}{\376\377\0004\000.\0001\000.\0001\000\040\000D\000e\000t\000a\000i\000l\000e\000d\000\040\000D\000e\000s\000c\000r\000i\000p\000t\000i\000o\000n}{section.4.1}% 9
\BOOKMARK [2][-]{subsection.4.1.2}{\376\377\0004\000.\0001\000.\0002\000\040\000M\000e\000m\000b\000e\000r\000\040\000F\000u\000n\000c\000t\000i\000o\000n\000\040\000D\000o\000c\000u\000m\000e\000n\000t\000a\000t\000i\000o\000n}{section.4.1}% 10
\BOOKMARK [3][-]{subsubsection.4.1.2.1}{\376\377\0004\000.\0001\000.\0002\000.\0001\000\040\000c\000a\000l\000c\000C\000o\000u\000l\000o\000m\000b\000\050\000\051}{subsection.4.1.2}% 11
\BOOKMARK [3][-]{subsubsection.4.1.2.2}{\376\377\0004\000.\0001\000.\0002\000.\0002\000\040\000g\000e\000t\000T\000y\000p\000e\000\050\000\051}{subsection.4.1.2}% 12
\BOOKMARK [3][-]{subsubsection.4.1.2.3}{\376\377\0004\000.\0001\000.\0002\000.\0003\000\040\000g\000e\000t\000V\000e\000l\000\050\000\051}{subsection.4.1.2}% 13
\BOOKMARK [3][-]{subsubsection.4.1.2.4}{\376\377\0004\000.\0001\000.\0002\000.\0004\000\040\000r\000e\000f\000r\000e\000s\000h\000P\000o\000s\000\050\000\051}{subsection.4.1.2}% 14
\BOOKMARK [3][-]{subsubsection.4.1.2.5}{\376\377\0004\000.\0001\000.\0002\000.\0005\000\040\000r\000e\000f\000r\000e\000s\000h\000S\000t\000a\000t\000e\000\050\000\051}{subsection.4.1.2}% 15
\BOOKMARK [1][-]{section.4.2}{\376\377\0004\000.\0002\000\040\000P\000a\000r\000t\000i\000c\000l\000e\000\040\000C\000l\000a\000s\000s\000\040\000R\000e\000f\000e\000r\000e\000n\000c\000e}{chapter.4}% 16
\BOOKMARK [2][-]{subsection.4.2.1}{\376\377\0004\000.\0002\000.\0001\000\040\000D\000e\000t\000a\000i\000l\000e\000d\000\040\000D\000e\000s\000c\000r\000i\000p\000t\000i\000o\000n}{section.4.2}% 17
\BOOKMARK [2][-]{subsection.4.2.2}{\376\377\0004\000.\0002\000.\0002\000\040\000M\000e\000m\000b\000e\000r\000\040\000F\000u\000n\000c\000t\000i\000o\000n\000\040\000D\000o\000c\000u\000m\000e\000n\000t\000a\000t\000i\000o\000n}{section.4.2}% 18
\BOOKMARK [3][-]{subsubsection.4.2.2.1}{\376\377\0004\000.\0002\000.\0002\000.\0001\000\040\000c\000a\000l\000c\000C\000o\000u\000l\000o\000m\000b\000\050\000\051}{subsection.4.2.2}% 19
\BOOKMARK [3][-]{subsubsection.4.2.2.2}{\376\377\0004\000.\0002\000.\0002\000.\0002\000\040\000g\000e\000t\000T\000y\000p\000e\000\050\000\051}{subsection.4.2.2}% 20
\BOOKMARK [3][-]{subsubsection.4.2.2.3}{\376\377\0004\000.\0002\000.\0002\000.\0003\000\040\000g\000e\000t\000V\000e\000l\000\050\000\051}{subsection.4.2.2}% 21
\BOOKMARK [3][-]{subsubsection.4.2.2.4}{\376\377\0004\000.\0002\000.\0002\000.\0004\000\040\000r\000e\000f\000r\000e\000s\000h\000P\000o\000s\000\050\000\051}{subsection.4.2.2}% 22
\BOOKMARK [3][-]{subsubsection.4.2.2.5}{\376\377\0004\000.\0002\000.\0002\000.\0005\000\040\000r\000e\000f\000r\000e\000s\000h\000S\000t\000a\000t\000e\000\050\000\051}{subsection.4.2.2}% 23
\BOOKMARK [1][-]{section.4.3}{\376\377\0004\000.\0003\000\040\000P\000a\000r\000t\000i\000c\000l\000e\000C\000o\000n\000t\000a\000i\000n\000e\000r\000\040\000C\000l\000a\000s\000s\000\040\000R\000e\000f\000e\000r\000e\000n\000c\000e}{chapter.4}% 24
\BOOKMARK [2][-]{subsection.4.3.1}{\376\377\0004\000.\0003\000.\0001\000\040\000D\000e\000t\000a\000i\000l\000e\000d\000\040\000D\000e\000s\000c\000r\000i\000p\000t\000i\000o\000n}{section.4.3}% 25
\BOOKMARK [2][-]{subsection.4.3.2}{\376\377\0004\000.\0003\000.\0002\000\040\000M\000e\000m\000b\000e\000r\000\040\000F\000u\000n\000c\000t\000i\000o\000n\000\040\000D\000o\000c\000u\000m\000e\000n\000t\000a\000t\000i\000o\000n}{section.4.3}% 26
\BOOKMARK [3][-]{subsubsection.4.3.2.1}{\376\377\0004\000.\0003\000.\0002\000.\0001\000\040\000c\000a\000l\000c\000u\000l\000a\000t\000e\000C\000o\000u\000l\000o\000m\000b\000s\000\050\000\051}{subsection.4.3.2}% 27
\BOOKMARK [3][-]{subsubsection.4.3.2.2}{\376\377\0004\000.\0003\000.\0002\000.\0002\000\040\000d\000e\000l\000e\000t\000e\000I\000t\000e\000m\000\050\000\051}{subsection.4.3.2}% 28
\BOOKMARK [3][-]{subsubsection.4.3.2.3}{\376\377\0004\000.\0003\000.\0002\000.\0003\000\040\000n\000e\000w\000I\000t\000e\000m\000\050\000\051}{subsection.4.3.2}% 29
\BOOKMARK [3][-]{subsubsection.4.3.2.4}{\376\377\0004\000.\0003\000.\0002\000.\0004\000\040\000o\000p\000e\000r\000a\000t\000o\000r\000[\000]\000\050\000\051}{subsection.4.3.2}% 30
\BOOKMARK [3][-]{subsubsection.4.3.2.5}{\376\377\0004\000.\0003\000.\0002\000.\0005\000\040\000r\000e\000a\000d\000\050\000\051}{subsection.4.3.2}% 31
\BOOKMARK [3][-]{subsubsection.4.3.2.6}{\376\377\0004\000.\0003\000.\0002\000.\0006\000\040\000r\000e\000f\000r\000e\000s\000h\000P\000o\000s\000i\000t\000i\000o\000n\000s\000\050\000\051}{subsection.4.3.2}% 32
\BOOKMARK [1][-]{section.4.4}{\376\377\0004\000.\0004\000\040\000R\000u\000n\000n\000i\000n\000g\000S\000i\000m\000u\000l\000a\000t\000i\000o\000n\000\040\000C\000l\000a\000s\000s\000\040\000R\000e\000f\000e\000r\000e\000n\000c\000e}{chapter.4}% 33
\BOOKMARK [2][-]{subsection.4.4.1}{\376\377\0004\000.\0004\000.\0001\000\040\000D\000e\000t\000a\000i\000l\000e\000d\000\040\000D\000e\000s\000c\000r\000i\000p\000t\000i\000o\000n}{section.4.4}% 34
\BOOKMARK [2][-]{subsection.4.4.2}{\376\377\0004\000.\0004\000.\0002\000\040\000M\000e\000m\000b\000e\000r\000\040\000F\000u\000n\000c\000t\000i\000o\000n\000\040\000D\000o\000c\000u\000m\000e\000n\000t\000a\000t\000i\000o\000n}{section.4.4}% 35
\BOOKMARK [3][-]{subsubsection.4.4.2.1}{\376\377\0004\000.\0004\000.\0002\000.\0001\000\040\000c\000h\000a\000n\000g\000e\000S\000i\000m\000u\000l\000a\000t\000i\000o\000n\000\050\000\051}{subsection.4.4.2}% 36
\BOOKMARK [3][-]{subsubsection.4.4.2.2}{\376\377\0004\000.\0004\000.\0002\000.\0002\000\040\000n\000e\000w\000S\000y\000s\000t\000e\000m\000\050\000\051}{subsection.4.4.2}% 37
\BOOKMARK [3][-]{subsubsection.4.4.2.3}{\376\377\0004\000.\0004\000.\0002\000.\0003\000\040\000s\000t\000a\000r\000t\000N\000o\000n\000V\000i\000s\000u\000a\000l\000\050\000\051}{subsection.4.4.2}% 38
\BOOKMARK [3][-]{subsubsection.4.4.2.4}{\376\377\0004\000.\0004\000.\0002\000.\0004\000\040\000s\000t\000a\000r\000t\000V\000i\000s\000u\000a\000l\000\050\000\051}{subsection.4.4.2}% 39
\BOOKMARK [1][-]{section.4.5}{\376\377\0004\000.\0005\000\040\000S\000i\000m\000u\000l\000a\000t\000i\000o\000n\000\040\000C\000l\000a\000s\000s\000\040\000R\000e\000f\000e\000r\000e\000n\000c\000e}{chapter.4}% 40
\BOOKMARK [2][-]{subsection.4.5.1}{\376\377\0004\000.\0005\000.\0001\000\040\000D\000e\000t\000a\000i\000l\000e\000d\000\040\000D\000e\000s\000c\000r\000i\000p\000t\000i\000o\000n}{section.4.5}% 41
\BOOKMARK [2][-]{subsection.4.5.2}{\376\377\0004\000.\0005\000.\0002\000\040\000M\000e\000m\000b\000e\000r\000\040\000F\000u\000n\000c\000t\000i\000o\000n\000\040\000D\000o\000c\000u\000m\000e\000n\000t\000a\000t\000i\000o\000n}{section.4.5}% 42
\BOOKMARK [3][-]{subsubsection.4.5.2.1}{\376\377\0004\000.\0005\000.\0002\000.\0001\000\040\000g\000e\000t\000E\000n\000d\000S\000t\000a\000t\000e\000\050\000\051}{subsection.4.5.2}% 43
\BOOKMARK [3][-]{subsubsection.4.5.2.2}{\376\377\0004\000.\0005\000.\0002\000.\0002\000\040\000g\000e\000t\000N\000a\000m\000e\000\050\000\051}{subsection.4.5.2}% 44
\BOOKMARK [3][-]{subsubsection.4.5.2.3}{\376\377\0004\000.\0005\000.\0002\000.\0003\000\040\000g\000e\000t\000S\000h\000a\000p\000e\000\050\000\051}{subsection.4.5.2}% 45
\BOOKMARK [3][-]{subsubsection.4.5.2.4}{\376\377\0004\000.\0005\000.\0002\000.\0004\000\040\000g\000e\000t\000S\000i\000z\000e\000\050\000\051}{subsection.4.5.2}% 46
\BOOKMARK [3][-]{subsubsection.4.5.2.5}{\376\377\0004\000.\0005\000.\0002\000.\0005\000\040\000g\000e\000t\000T\000e\000x\000t\000\050\000\051}{subsection.4.5.2}% 47
\BOOKMARK [3][-]{subsubsection.4.5.2.6}{\376\377\0004\000.\0005\000.\0002\000.\0006\000\040\000i\000t\000e\000r\000a\000t\000e\000\050\000\051}{subsection.4.5.2}% 48
\BOOKMARK [3][-]{subsubsection.4.5.2.7}{\376\377\0004\000.\0005\000.\0002\000.\0007\000\040\000o\000p\000e\000r\000a\000t\000o\000r\000[\000]\000\050\000\051}{subsection.4.5.2}% 49
\BOOKMARK [3][-]{subsubsection.4.5.2.8}{\376\377\0004\000.\0005\000.\0002\000.\0008\000\040\000p\000r\000i\000n\000t\000\050\000\051}{subsection.4.5.2}% 50
\BOOKMARK [3][-]{subsubsection.4.5.2.9}{\376\377\0004\000.\0005\000.\0002\000.\0009\000\040\000r\000e\000a\000d\000F\000r\000o\000m\000F\000i\000l\000e\000\050\000\051}{subsection.4.5.2}% 51
\BOOKMARK [3][-]{subsubsection.4.5.2.10}{\376\377\0004\000.\0005\000.\0002\000.\0001\0000\000\040\000s\000a\000v\000e\000T\000o\000F\000i\000l\000e\000\050\000\051}{subsection.4.5.2}% 52
\BOOKMARK [1][-]{section.4.6}{\376\377\0004\000.\0006\000\040\000S\000t\000a\000t\000i\000c\000P\000a\000r\000t\000i\000c\000l\000e\000\040\000C\000l\000a\000s\000s\000\040\000R\000e\000f\000e\000r\000e\000n\000c\000e}{chapter.4}% 53
\BOOKMARK [2][-]{subsection.4.6.1}{\376\377\0004\000.\0006\000.\0001\000\040\000D\000e\000t\000a\000i\000l\000e\000d\000\040\000D\000e\000s\000c\000r\000i\000p\000t\000i\000o\000n}{section.4.6}% 54
\BOOKMARK [2][-]{subsection.4.6.2}{\376\377\0004\000.\0006\000.\0002\000\040\000M\000e\000m\000b\000e\000r\000\040\000F\000u\000n\000c\000t\000i\000o\000n\000\040\000D\000o\000c\000u\000m\000e\000n\000t\000a\000t\000i\000o\000n}{section.4.6}% 55
\BOOKMARK [3][-]{subsubsection.4.6.2.1}{\376\377\0004\000.\0006\000.\0002\000.\0001\000\040\000c\000a\000l\000c\000C\000o\000u\000l\000o\000m\000b\000\050\000\051}{subsection.4.6.2}% 56
\BOOKMARK [3][-]{subsubsection.4.6.2.2}{\376\377\0004\000.\0006\000.\0002\000.\0002\000\040\000g\000e\000t\000T\000y\000p\000e\000\050\000\051}{subsection.4.6.2}% 57
\BOOKMARK [3][-]{subsubsection.4.6.2.3}{\376\377\0004\000.\0006\000.\0002\000.\0003\000\040\000g\000e\000t\000V\000e\000l\000\050\000\051}{subsection.4.6.2}% 58
\BOOKMARK [3][-]{subsubsection.4.6.2.4}{\376\377\0004\000.\0006\000.\0002\000.\0004\000\040\000r\000e\000f\000r\000e\000s\000h\000P\000o\000s\000\050\000\051}{subsection.4.6.2}% 59
\BOOKMARK [3][-]{subsubsection.4.6.2.5}{\376\377\0004\000.\0006\000.\0002\000.\0005\000\040\000r\000e\000f\000r\000e\000s\000h\000S\000t\000a\000t\000e\000\050\000\051}{subsection.4.6.2}% 60
\BOOKMARK [1][-]{section.4.7}{\376\377\0004\000.\0007\000\040\000V\000e\000c\000t\000o\000r\000\040\000C\000l\000a\000s\000s\000\040\000R\000e\000f\000e\000r\000e\000n\000c\000e}{chapter.4}% 61
\BOOKMARK [2][-]{subsection.4.7.1}{\376\377\0004\000.\0007\000.\0001\000\040\000D\000e\000t\000a\000i\000l\000e\000d\000\040\000D\000e\000s\000c\000r\000i\000p\000t\000i\000o\000n}{section.4.7}% 62
\BOOKMARK [2][-]{subsection.4.7.2}{\376\377\0004\000.\0007\000.\0002\000\040\000C\000o\000n\000s\000t\000r\000u\000c\000t\000o\000r\000\040\000\046\000\040\000D\000e\000s\000t\000r\000u\000c\000t\000o\000r\000\040\000D\000o\000c\000u\000m\000e\000n\000t\000a\000t\000i\000o\000n}{section.4.7}% 63
\BOOKMARK [3][-]{subsubsection.4.7.2.1}{\376\377\0004\000.\0007\000.\0002\000.\0001\000\040\000V\000e\000c\000t\000o\000r\000\050\000\051}{subsection.4.7.2}% 64
\BOOKMARK [2][-]{subsection.4.7.3}{\376\377\0004\000.\0007\000.\0003\000\040\000M\000e\000m\000b\000e\000r\000\040\000F\000u\000n\000c\000t\000i\000o\000n\000\040\000D\000o\000c\000u\000m\000e\000n\000t\000a\000t\000i\000o\000n}{section.4.7}% 65
\BOOKMARK [3][-]{subsubsection.4.7.3.1}{\376\377\0004\000.\0007\000.\0003\000.\0001\000\040\000o\000p\000e\000r\000a\000t\000o\000r\000\045\000\050\000\051}{subsection.4.7.3}% 66
\BOOKMARK [3][-]{subsubsection.4.7.3.2}{\376\377\0004\000.\0007\000.\0003\000.\0002\000\040\000r\000o\000t\000a\000t\000e\000\050\000\051}{subsection.4.7.3}% 67
\BOOKMARK [0][-]{chapter.5}{\376\377\0005\000\040\000F\000i\000l\000e\000\040\000D\000o\000c\000u\000m\000e\000n\000t\000a\000t\000i\000o\000n}{}% 68
\BOOKMARK [1][-]{section.5.1}{\376\377\0005\000.\0001\000\040\000c\000o\000n\000t\000a\000i\000n\000e\000r\000.\000h}{chapter.5}% 69
\BOOKMARK [1][-]{section.5.2}{\376\377\0005\000.\0002\000\040\000C\000P\000O\000R\000T\000A\000.\000h}{chapter.5}% 70
\BOOKMARK [1][-]{section.5.3}{\376\377\0005\000.\0003\000\040\000p\000a\000r\000t\000i\000c\000l\000e\000s\000.\000h}{chapter.5}% 71
\BOOKMARK [1][-]{section.5.4}{\376\377\0005\000.\0004\000\040\000r\000u\000n\000s\000i\000m\000u\000l\000a\000t\000i\000o\000n\000.\000h}{chapter.5}% 72
\BOOKMARK [1][-]{section.5.5}{\376\377\0005\000.\0005\000\040\000s\000i\000m\000u\000l\000a\000t\000i\000o\000n\000.\000h}{chapter.5}% 73
\BOOKMARK [1][-]{section.5.6}{\376\377\0005\000.\0006\000\040\000s\000y\000s\000t\000e\000m\000s\000t\000a\000t\000e\000s\000.\000h}{chapter.5}% 74
\BOOKMARK [1][-]{section.5.7}{\376\377\0005\000.\0007\000\040\000v\000e\000c\000t\000o\000r\000.\000h}{chapter.5}% 75
\BOOKMARK [1][-]{section.5.8}{\376\377\0005\000.\0008\000\040\000w\000i\000n\000d\000o\000w\000.\000h}{chapter.5}% 76
\BOOKMARK [0][-]{section*.19}{\376\377\000I\000n\000d\000e\000x}{}% 77
